<?xml version="1.0" encoding="UTF-8"?>
<coverage generated="1770313753976" clover="3.2.0">
  <project timestamp="1770313753976" name="All files">
    <metrics statements="9" coveredstatements="9" conditionals="0" coveredconditionals="0" methods="4" coveredmethods="4" elements="13" coveredelements="13" complexity="0" loc="9" ncloc="9" packages="3" files="5" classes="5"/>
    <package name="email.providers">
      <metrics statements="1" coveredstatements="1" conditionals="0" coveredconditionals="0" methods="0" coveredmethods="0"/>
      <file name="email.provider.ts" path="C:\Users\Rafael Oliveira\SmartEnvios\LeadsApi\src\shared\email\providers\email.provider.ts">
        <metrics statements="1" coveredstatements="1" conditionals="0" coveredconditionals="0" methods="0" coveredmethods="0"/>
        <line num="4" count="1" type="stmt"/>
      </file>
    </package>
    <package name="email.services">
      <metrics statements="4" coveredstatements="4" conditionals="0" coveredconditionals="0" methods="1" coveredmethods="1"/>
      <file name="email.service.ts" path="C:\Users\Rafael Oliveira\SmartEnvios\LeadsApi\src\shared\email\services\email.service.ts">
        <metrics statements="4" coveredstatements="4" conditionals="0" coveredconditionals="0" methods="1" coveredmethods="1"/>
        <line num="9" count="2" type="stmt"/>
        <line num="10" count="2" type="stmt"/>
        <line num="17" count="1" type="stmt"/>
        <line num="22" count="1" type="stmt"/>
      </file>
    </package>
    <package name="helpers">
      <metrics statements="4" coveredstatements="4" conditionals="0" coveredconditionals="0" methods="3" coveredmethods="3"/>
      <file name="isEmailValid.helper.ts" path="C:\Users\Rafael Oliveira\SmartEnvios\LeadsApi\src\shared\helpers\isEmailValid.helper.ts">
        <metrics statements="1" coveredstatements="1" conditionals="0" coveredconditionals="0" methods="1" coveredmethods="1"/>
        <line num="2" count="4" type="stmt"/>
      </file>
      <file name="isValidZipcode.helper.ts" path="C:\Users\Rafael Oliveira\SmartEnvios\LeadsApi\src\shared\helpers\isValidZipcode.helper.ts">
        <metrics statements="1" coveredstatements="1" conditionals="0" coveredconditionals="0" methods="1" coveredmethods="1"/>
        <line num="2" count="6" type="stmt"/>
      </file>
      <file name="zipcodeFormatter.helper.ts" path="C:\Users\Rafael Oliveira\SmartEnvios\LeadsApi\src\shared\helpers\zipcodeFormatter.helper.ts">
        <metrics statements="2" coveredstatements="2" conditionals="0" coveredconditionals="0" methods="1" coveredmethods="1"/>
        <line num="2" count="6" type="stmt"/>
        <line num="4" count="6" type="stmt"/>
      </file>
    </package>
  </project>
</coverage>
