{"C:\\Users\\Rafael Oliveira\\SmartEnvios\\LeadsApi\\src\\modules\\intentions\\repositories\\intentions.repository.ts": {"path":"C:\\Users\\Rafael Oliveira\\SmartEnvios\\LeadsApi\\src\\modules\\intentions\\repositories\\intentions.repository.ts","statementMap":{"0":{"start":{"line":9,"column":8},"end":{"line":20,"column":9}},"1":{"start":{"line":10,"column":12},"end":{"line":15,"column":15}},"2":{"start":{"line":17,"column":12},"end":{"line":19,"column":13}},"3":{"start":{"line":18,"column":16},"end":{"line":18,"column":43}},"4":{"start":{"line":24,"column":8},"end":{"line":38,"column":9}},"5":{"start":{"line":25,"column":12},"end":{"line":32,"column":null}},"6":{"start":{"line":35,"column":12},"end":{"line":37,"column":13}},"7":{"start":{"line":36,"column":16},"end":{"line":36,"column":43}}},"fnMap":{"0":{"name":"(anonymous_0)","decl":{"start":{"line":8,"column":4},"end":{"line":8,"column":9}},"loc":{"start":{"line":8,"column":74},"end":{"line":21,"column":5}}},"1":{"name":"(anonymous_1)","decl":{"start":{"line":23,"column":4},"end":{"line":23,"column":9}},"loc":{"start":{"line":23,"column":62},"end":{"line":39,"column":5}}}},"branchMap":{"0":{"loc":{"start":{"line":17,"column":12},"end":{"line":19,"column":13}},"type":"if","locations":[{"start":{"line":17,"column":12},"end":{"line":19,"column":13}},{"start":{},"end":{}}]},"1":{"loc":{"start":{"line":35,"column":12},"end":{"line":37,"column":13}},"type":"if","locations":[{"start":{"line":35,"column":12},"end":{"line":37,"column":13}},{"start":{},"end":{}}]}},"s":{"0":1,"1":1,"2":0,"3":0,"4":1,"5":1,"6":0,"7":0},"f":{"0":1,"1":1},"b":{"0":[0,0],"1":[0,0]}}
,"C:\\Users\\Rafael Oliveira\\SmartEnvios\\LeadsApi\\src\\modules\\intentions\\services\\intentions.services.ts": {"path":"C:\\Users\\Rafael Oliveira\\SmartEnvios\\LeadsApi\\src\\modules\\intentions\\services\\intentions.services.ts","statementMap":{"0":{"start":{"line":12,"column":8},"end":{"line":12,"column":63}},"1":{"start":{"line":16,"column":8},"end":{"line":34,"column":9}},"2":{"start":{"line":17,"column":12},"end":{"line":19,"column":13}},"3":{"start":{"line":18,"column":16},"end":{"line":18,"column":null}},"4":{"start":{"line":21,"column":12},"end":{"line":21,"column":57}},"5":{"start":{"line":22,"column":12},"end":{"line":22,"column":null}},"6":{"start":{"line":24,"column":35},"end":{"line":24,"column":65}},"7":{"start":{"line":25,"column":12},"end":{"line":25,"column":62}},"8":{"start":{"line":26,"column":12},"end":{"line":26,"column":60}},"9":{"start":{"line":28,"column":30},"end":{"line":28,"column":109}},"10":{"start":{"line":30,"column":12},"end":{"line":30,"column":29}},"11":{"start":{"line":33,"column":12},"end":{"line":33,"column":20}},"12":{"start":{"line":38,"column":8},"end":{"line":75,"column":9}},"13":{"start":{"line":39,"column":12},"end":{"line":41,"column":13}},"14":{"start":{"line":40,"column":16},"end":{"line":40,"column":null}},"15":{"start":{"line":42,"column":36},"end":{"line":46,"column":14}},"16":{"start":{"line":48,"column":12},"end":{"line":50,"column":13}},"17":{"start":{"line":49,"column":16},"end":{"line":49,"column":null}},"18":{"start":{"line":51,"column":12},"end":{"line":53,"column":13}},"19":{"start":{"line":52,"column":16},"end":{"line":52,"column":82}},"20":{"start":{"line":54,"column":12},"end":{"line":56,"column":13}},"21":{"start":{"line":55,"column":16},"end":{"line":55,"column":null}},"22":{"start":{"line":57,"column":31},"end":{"line":61,"column":14}},"23":{"start":{"line":63,"column":12},"end":{"line":65,"column":13}},"24":{"start":{"line":64,"column":16},"end":{"line":64,"column":60}},"25":{"start":{"line":66,"column":12},"end":{"line":68,"column":13}},"26":{"start":{"line":67,"column":16},"end":{"line":67,"column":63}},"27":{"start":{"line":70,"column":30},"end":{"line":70,"column":100}},"28":{"start":{"line":72,"column":12},"end":{"line":72,"column":29}},"29":{"start":{"line":74,"column":12},"end":{"line":74,"column":20}}},"fnMap":{"0":{"name":"(anonymous_0)","decl":{"start":{"line":11,"column":4},"end":{"line":11,"column":null}},"loc":{"start":{"line":11,"column":4},"end":{"line":13,"column":5}}},"1":{"name":"(anonymous_1)","decl":{"start":{"line":15,"column":4},"end":{"line":15,"column":9}},"loc":{"start":{"line":15,"column":74},"end":{"line":35,"column":5}}},"2":{"name":"(anonymous_2)","decl":{"start":{"line":37,"column":4},"end":{"line":37,"column":9}},"loc":{"start":{"line":37,"column":62},"end":{"line":77,"column":5}}}},"branchMap":{"0":{"loc":{"start":{"line":17,"column":12},"end":{"line":19,"column":13}},"type":"if","locations":[{"start":{"line":17,"column":12},"end":{"line":19,"column":13}},{"start":{},"end":{}}]},"1":{"loc":{"start":{"line":17,"column":16},"end":{"line":17,"column":46}},"type":"binary-expr","locations":[{"start":{"line":17,"column":16},"end":{"line":17,"column":30}},{"start":{"line":17,"column":34},"end":{"line":17,"column":46}}]},"2":{"loc":{"start":{"line":39,"column":12},"end":{"line":41,"column":13}},"type":"if","locations":[{"start":{"line":39,"column":12},"end":{"line":41,"column":13}},{"start":{},"end":{}}]},"3":{"loc":{"start":{"line":48,"column":12},"end":{"line":50,"column":13}},"type":"if","locations":[{"start":{"line":48,"column":12},"end":{"line":50,"column":13}},{"start":{},"end":{}}]},"4":{"loc":{"start":{"line":51,"column":12},"end":{"line":53,"column":13}},"type":"if","locations":[{"start":{"line":51,"column":12},"end":{"line":53,"column":13}},{"start":{},"end":{}}]},"5":{"loc":{"start":{"line":54,"column":12},"end":{"line":56,"column":13}},"type":"if","locations":[{"start":{"line":54,"column":12},"end":{"line":56,"column":13}},{"start":{},"end":{}}]},"6":{"loc":{"start":{"line":63,"column":12},"end":{"line":65,"column":13}},"type":"if","locations":[{"start":{"line":63,"column":12},"end":{"line":65,"column":13}},{"start":{},"end":{}}]},"7":{"loc":{"start":{"line":66,"column":12},"end":{"line":68,"column":13}},"type":"if","locations":[{"start":{"line":66,"column":12},"end":{"line":68,"column":13}},{"start":{},"end":{}}]}},"s":{"0":9,"1":2,"2":2,"3":1,"4":1,"5":1,"6":1,"7":1,"8":1,"9":1,"10":1,"11":1,"12":7,"13":7,"14":1,"15":6,"16":6,"17":1,"18":5,"19":1,"20":4,"21":1,"22":3,"23":3,"24":1,"25":2,"26":1,"27":1,"28":1,"29":6},"f":{"0":9,"1":2,"2":7},"b":{"0":[1,1],"1":[2,1],"2":[1,6],"3":[1,5],"4":[1,4],"5":[1,3],"6":[1,2],"7":[1,1]}}
,"C:\\Users\\Rafael Oliveira\\SmartEnvios\\LeadsApi\\src\\modules\\leads\\repositories\\leads.repository.ts": {"path":"C:\\Users\\Rafael Oliveira\\SmartEnvios\\LeadsApi\\src\\modules\\leads\\repositories\\leads.repository.ts","statementMap":{"0":{"start":{"line":6,"column":8},"end":{"line":17,"column":9}},"1":{"start":{"line":7,"column":12},"end":{"line":12,"column":15}},"2":{"start":{"line":14,"column":12},"end":{"line":16,"column":13}},"3":{"start":{"line":15,"column":16},"end":{"line":15,"column":43}}},"fnMap":{"0":{"name":"(anonymous_0)","decl":{"start":{"line":5,"column":4},"end":{"line":5,"column":9}},"loc":{"start":{"line":5,"column":49},"end":{"line":18,"column":5}}}},"branchMap":{"0":{"loc":{"start":{"line":14,"column":12},"end":{"line":16,"column":13}},"type":"if","locations":[{"start":{"line":14,"column":12},"end":{"line":16,"column":13}},{"start":{},"end":{}}]}},"s":{"0":2,"1":2,"2":0,"3":0},"f":{"0":2},"b":{"0":[0,0]}}
,"C:\\Users\\Rafael Oliveira\\SmartEnvios\\LeadsApi\\src\\modules\\leads\\services\\leads.services.ts": {"path":"C:\\Users\\Rafael Oliveira\\SmartEnvios\\LeadsApi\\src\\modules\\leads\\services\\leads.services.ts","statementMap":{"0":{"start":{"line":11,"column":8},"end":{"line":11,"column":53}},"1":{"start":{"line":14,"column":8},"end":{"line":64,"column":9}},"2":{"start":{"line":15,"column":12},"end":{"line":17,"column":13}},"3":{"start":{"line":16,"column":16},"end":{"line":16,"column":null}},"4":{"start":{"line":19,"column":12},"end":{"line":22,"column":13}},"5":{"start":{"line":21,"column":16},"end":{"line":21,"column":84}},"6":{"start":{"line":24,"column":14},"end":{"line":27,"column":13}},"7":{"start":{"line":26,"column":16},"end":{"line":26,"column":85}},"8":{"start":{"line":30,"column":12},"end":{"line":32,"column":13}},"9":{"start":{"line":31,"column":16},"end":{"line":31,"column":null}},"10":{"start":{"line":34,"column":32},"end":{"line":39,"column":14}},"11":{"start":{"line":41,"column":12},"end":{"line":43,"column":13}},"12":{"start":{"line":42,"column":16},"end":{"line":42,"column":null}},"13":{"start":{"line":45,"column":25},"end":{"line":45,"column":79}},"14":{"start":{"line":47,"column":12},"end":{"line":58,"column":13}},"15":{"start":{"line":48,"column":16},"end":{"line":55,"column":16}},"16":{"start":{"line":57,"column":16},"end":{"line":57,"column":24}},"17":{"start":{"line":60,"column":12},"end":{"line":60,"column":24}},"18":{"start":{"line":63,"column":12},"end":{"line":63,"column":20}}},"fnMap":{"0":{"name":"(anonymous_0)","decl":{"start":{"line":10,"column":4},"end":{"line":10,"column":null}},"loc":{"start":{"line":10,"column":4},"end":{"line":12,"column":5}}},"1":{"name":"(anonymous_1)","decl":{"start":{"line":13,"column":4},"end":{"line":13,"column":9}},"loc":{"start":{"line":13,"column":49},"end":{"line":65,"column":5}}}},"branchMap":{"0":{"loc":{"start":{"line":15,"column":12},"end":{"line":17,"column":13}},"type":"if","locations":[{"start":{"line":15,"column":12},"end":{"line":17,"column":13}},{"start":{},"end":{}}]},"1":{"loc":{"start":{"line":15,"column":16},"end":{"line":15,"column":31}},"type":"binary-expr","locations":[{"start":{"line":15,"column":16},"end":{"line":15,"column":21}},{"start":{"line":15,"column":25},"end":{"line":15,"column":31}}]},"2":{"loc":{"start":{"line":19,"column":12},"end":{"line":22,"column":13}},"type":"if","locations":[{"start":{"line":19,"column":12},"end":{"line":22,"column":13}},{"start":{},"end":{}}]},"3":{"loc":{"start":{"line":19,"column":15},"end":{"line":19,"column":51}},"type":"binary-expr","locations":[{"start":{"line":19,"column":15},"end":{"line":19,"column":30}},{"start":{"line":19,"column":34},"end":{"line":19,"column":51}}]},"4":{"loc":{"start":{"line":24,"column":14},"end":{"line":27,"column":13}},"type":"if","locations":[{"start":{"line":24,"column":14},"end":{"line":27,"column":13}},{"start":{},"end":{}}]},"5":{"loc":{"start":{"line":24,"column":17},"end":{"line":24,"column":56}},"type":"binary-expr","locations":[{"start":{"line":24,"column":17},"end":{"line":24,"column":34}},{"start":{"line":24,"column":38},"end":{"line":24,"column":56}}]},"6":{"loc":{"start":{"line":30,"column":12},"end":{"line":32,"column":13}},"type":"if","locations":[{"start":{"line":30,"column":12},"end":{"line":32,"column":13}},{"start":{},"end":{}}]},"7":{"loc":{"start":{"line":41,"column":12},"end":{"line":43,"column":13}},"type":"if","locations":[{"start":{"line":41,"column":12},"end":{"line":43,"column":13}},{"start":{},"end":{}}]},"8":{"loc":{"start":{"line":52,"column":30},"end":{"line":52,"column":41}},"type":"binary-expr","locations":[{"start":{"line":52,"column":30},"end":{"line":52,"column":34}},{"start":{"line":52,"column":38},"end":{"line":52,"column":41}}]}},"s":{"0":7,"1":9,"2":9,"3":1,"4":8,"5":2,"6":6,"7":3,"8":3,"9":0,"10":3,"11":3,"12":1,"13":2,"14":2,"15":2,"16":1,"17":1,"18":8},"f":{"0":7,"1":9},"b":{"0":[1,8],"1":[9,8],"2":[2,6],"3":[8,7],"4":[3,3],"5":[6,4],"6":[0,3],"7":[1,2],"8":[2,0]}}
,"C:\\Users\\Rafael Oliveira\\SmartEnvios\\LeadsApi\\src\\shared\\email\\providers\\email.provider.ts": {"path":"C:\\Users\\Rafael Oliveira\\SmartEnvios\\LeadsApi\\src\\shared\\email\\providers\\email.provider.ts","statementMap":{"0":{"start":{"line":4,"column":29},"end":{"line":12,"column":2}}},"fnMap":{},"branchMap":{},"s":{"0":1},"f":{},"b":{}}
,"C:\\Users\\Rafael Oliveira\\SmartEnvios\\LeadsApi\\src\\shared\\email\\services\\email.service.ts": {"path":"C:\\Users\\Rafael Oliveira\\SmartEnvios\\LeadsApi\\src\\shared\\email\\services\\email.service.ts","statementMap":{"0":{"start":{"line":8,"column":4},"end":{"line":13,"column":7}},"1":{"start":{"line":17,"column":28},"end":{"line":17,"column":46}}},"fnMap":{"0":{"name":"(anonymous_0)","decl":{"start":{"line":7,"column":2},"end":{"line":7,"column":7}},"loc":{"start":{"line":7,"column":46},"end":{"line":14,"column":3}}}},"branchMap":{},"s":{"0":2,"1":1},"f":{"0":2},"b":{}}
,"C:\\Users\\Rafael Oliveira\\SmartEnvios\\LeadsApi\\src\\shared\\errors\\httpErrors.ts": {"path":"C:\\Users\\Rafael Oliveira\\SmartEnvios\\LeadsApi\\src\\shared\\errors\\httpErrors.ts","statementMap":{"0":{"start":{"line":5,"column":4},"end":{"line":5,"column":19}},"1":{"start":{"line":6,"column":4},"end":{"line":6,"column":33}},"2":{"start":{"line":13,"column":4},"end":{"line":13,"column":24}},"3":{"start":{"line":20,"column":4},"end":{"line":20,"column":24}},"4":{"start":{"line":27,"column":4},"end":{"line":27,"column":29}}},"fnMap":{"0":{"name":"(anonymous_0)","decl":{"start":{"line":4,"column":2},"end":{"line":4,"column":24}},"loc":{"start":{"line":4,"column":59},"end":{"line":7,"column":3}}},"1":{"name":"(anonymous_1)","decl":{"start":{"line":12,"column":2},"end":{"line":12,"column":14}},"loc":{"start":{"line":12,"column":45},"end":{"line":14,"column":3}}},"2":{"name":"(anonymous_2)","decl":{"start":{"line":19,"column":2},"end":{"line":19,"column":14}},"loc":{"start":{"line":19,"column":48},"end":{"line":21,"column":3}}},"3":{"name":"(anonymous_3)","decl":{"start":{"line":26,"column":2},"end":{"line":26,"column":null}},"loc":{"start":{"line":26,"column":2},"end":{"line":28,"column":3}}}},"branchMap":{"0":{"loc":{"start":{"line":12,"column":14},"end":{"line":12,"column":45}},"type":"default-arg","locations":[{"start":{"line":12,"column":24},"end":{"line":12,"column":45}}]},"1":{"loc":{"start":{"line":19,"column":14},"end":{"line":19,"column":48}},"type":"default-arg","locations":[{"start":{"line":19,"column":24},"end":{"line":19,"column":48}}]}},"s":{"0":14,"1":14,"2":12,"3":2,"4":0},"f":{"0":14,"1":12,"2":2,"3":0},"b":{"0":[0],"1":[0]}}
,"C:\\Users\\Rafael Oliveira\\SmartEnvios\\LeadsApi\\src\\shared\\helpers\\isEmailValid.helper.ts": {"path":"C:\\Users\\Rafael Oliveira\\SmartEnvios\\LeadsApi\\src\\shared\\helpers\\isEmailValid.helper.ts","statementMap":{"0":{"start":{"line":2,"column":4},"end":{"line":2,"column":52}}},"fnMap":{"0":{"name":"isEmailValid","decl":{"start":{"line":1,"column":16},"end":{"line":1,"column":28}},"loc":{"start":{"line":1,"column":42},"end":{"line":3,"column":1}}}},"branchMap":{},"s":{"0":7},"f":{"0":7},"b":{}}
,"C:\\Users\\Rafael Oliveira\\SmartEnvios\\LeadsApi\\src\\shared\\helpers\\isValidZipcode.helper.ts": {"path":"C:\\Users\\Rafael Oliveira\\SmartEnvios\\LeadsApi\\src\\shared\\helpers\\isValidZipcode.helper.ts","statementMap":{"0":{"start":{"line":2,"column":4},"end":{"line":2,"column":38}}},"fnMap":{"0":{"name":"isValidZipcode","decl":{"start":{"line":1,"column":16},"end":{"line":1,"column":30}},"loc":{"start":{"line":1,"column":46},"end":{"line":3,"column":1}}}},"branchMap":{},"s":{"0":6},"f":{"0":6},"b":{}}
,"C:\\Users\\Rafael Oliveira\\SmartEnvios\\LeadsApi\\src\\shared\\helpers\\zipcodeFormatter.helper.ts": {"path":"C:\\Users\\Rafael Oliveira\\SmartEnvios\\LeadsApi\\src\\shared\\helpers\\zipcodeFormatter.helper.ts","statementMap":{"0":{"start":{"line":2,"column":30},"end":{"line":2,"column":56}},"1":{"start":{"line":4,"column":4},"end":{"line":4,"column":29}}},"fnMap":{"0":{"name":"formatZipcode","decl":{"start":{"line":1,"column":16},"end":{"line":1,"column":29}},"loc":{"start":{"line":1,"column":45},"end":{"line":5,"column":1}}}},"branchMap":{},"s":{"0":8,"1":8},"f":{"0":8},"b":{}}
}
