{"C:\\Users\\Rafael Oliveira\\SmartEnvios\\LeadsApi\\src\\shared\\email\\providers\\email.provider.ts": {"path":"C:\\Users\\Rafael Oliveira\\SmartEnvios\\LeadsApi\\src\\shared\\email\\providers\\email.provider.ts","statementMap":{"0":{"start":{"line":4,"column":29},"end":{"line":12,"column":2}}},"fnMap":{},"branchMap":{},"s":{"0":1},"f":{},"b":{}}
,"C:\\Users\\Rafael Oliveira\\SmartEnvios\\LeadsApi\\src\\shared\\email\\services\\email.service.ts": {"path":"C:\\Users\\Rafael Oliveira\\SmartEnvios\\LeadsApi\\src\\shared\\email\\services\\email.service.ts","statementMap":{"0":{"start":{"line":9,"column":4},"end":{"line":18,"column":5}},"1":{"start":{"line":10,"column":6},"end":{"line":15,"column":9}},"2":{"start":{"line":17,"column":6},"end":{"line":17,"column":null}},"3":{"start":{"line":22,"column":28},"end":{"line":22,"column":46}}},"fnMap":{"0":{"name":"(anonymous_0)","decl":{"start":{"line":8,"column":2},"end":{"line":8,"column":7}},"loc":{"start":{"line":8,"column":46},"end":{"line":19,"column":3}}}},"branchMap":{},"s":{"0":2,"1":2,"2":1,"3":1},"f":{"0":2},"b":{}}
,"C:\\Users\\Rafael Oliveira\\SmartEnvios\\LeadsApi\\src\\shared\\helpers\\isEmailValid.helper.ts": {"path":"C:\\Users\\Rafael Oliveira\\SmartEnvios\\LeadsApi\\src\\shared\\helpers\\isEmailValid.helper.ts","statementMap":{"0":{"start":{"line":2,"column":4},"end":{"line":2,"column":52}}},"fnMap":{"0":{"name":"isEmailValid","decl":{"start":{"line":1,"column":16},"end":{"line":1,"column":28}},"loc":{"start":{"line":1,"column":42},"end":{"line":3,"column":1}}}},"branchMap":{},"s":{"0":4},"f":{"0":4},"b":{}}
,"C:\\Users\\Rafael Oliveira\\SmartEnvios\\LeadsApi\\src\\shared\\helpers\\isValidZipcode.helper.ts": {"path":"C:\\Users\\Rafael Oliveira\\SmartEnvios\\LeadsApi\\src\\shared\\helpers\\isValidZipcode.helper.ts","statementMap":{"0":{"start":{"line":2,"column":4},"end":{"line":2,"column":38}}},"fnMap":{"0":{"name":"isValidZipcode","decl":{"start":{"line":1,"column":16},"end":{"line":1,"column":30}},"loc":{"start":{"line":1,"column":46},"end":{"line":3,"column":1}}}},"branchMap":{},"s":{"0":6},"f":{"0":6},"b":{}}
,"C:\\Users\\Rafael Oliveira\\SmartEnvios\\LeadsApi\\src\\shared\\helpers\\zipcodeFormatter.helper.ts": {"path":"C:\\Users\\Rafael Oliveira\\SmartEnvios\\LeadsApi\\src\\shared\\helpers\\zipcodeFormatter.helper.ts","statementMap":{"0":{"start":{"line":2,"column":30},"end":{"line":2,"column":56}},"1":{"start":{"line":4,"column":4},"end":{"line":4,"column":29}}},"fnMap":{"0":{"name":"formatZipcode","decl":{"start":{"line":1,"column":16},"end":{"line":1,"column":29}},"loc":{"start":{"line":1,"column":45},"end":{"line":5,"column":1}}}},"branchMap":{},"s":{"0":6,"1":6},"f":{"0":6},"b":{}}
}
