TN:
SF:src\modules\intentions\repositories\intentions.repository.ts
FN:8,(anonymous_0)
FN:23,(anonymous_1)
FNF:2
FNH:2
FNDA:1,(anonymous_0)
FNDA:1,(anonymous_1)
DA:9,1
DA:10,1
DA:17,0
DA:18,0
DA:24,1
DA:25,1
DA:35,0
DA:36,0
LF:8
LH:4
BRDA:17,0,0,0
BRDA:17,0,1,0
BRDA:35,1,0,0
BRDA:35,1,1,0
BRF:4
BRH:0
end_of_record
TN:
SF:src\modules\intentions\services\intentions.services.ts
FN:11,(anonymous_0)
FN:15,(anonymous_1)
FN:37,(anonymous_2)
FNF:3
FNH:3
FNDA:9,(anonymous_0)
FNDA:2,(anonymous_1)
FNDA:7,(anonymous_2)
DA:12,9
DA:16,2
DA:17,2
DA:18,1
DA:21,1
DA:22,1
DA:24,1
DA:25,1
DA:26,1
DA:28,1
DA:30,1
DA:33,1
DA:38,7
DA:39,7
DA:40,1
DA:42,6
DA:48,6
DA:49,1
DA:51,5
DA:52,1
DA:54,4
DA:55,1
DA:57,3
DA:63,3
DA:64,1
DA:66,2
DA:67,1
DA:70,1
DA:72,1
DA:74,6
LF:30
LH:30
BRDA:17,0,0,1
BRDA:17,0,1,1
BRDA:17,1,0,2
BRDA:17,1,1,1
BRDA:39,2,0,1
BRDA:39,2,1,6
BRDA:48,3,0,1
BRDA:48,3,1,5
BRDA:51,4,0,1
BRDA:51,4,1,4
BRDA:54,5,0,1
BRDA:54,5,1,3
BRDA:63,6,0,1
BRDA:63,6,1,2
BRDA:66,7,0,1
BRDA:66,7,1,1
BRF:16
BRH:16
end_of_record
TN:
SF:src\modules\leads\repositories\leads.repository.ts
FN:5,(anonymous_0)
FNF:1
FNH:1
FNDA:2,(anonymous_0)
DA:6,2
DA:7,2
DA:14,0
DA:15,0
LF:4
LH:2
BRDA:14,0,0,0
BRDA:14,0,1,0
BRF:2
BRH:0
end_of_record
TN:
SF:src\modules\leads\services\leads.services.ts
FN:10,(anonymous_0)
FN:13,(anonymous_1)
FNF:2
FNH:2
FNDA:7,(anonymous_0)
FNDA:9,(anonymous_1)
DA:11,7
DA:14,9
DA:15,9
DA:16,1
DA:19,8
DA:21,2
DA:24,6
DA:26,3
DA:30,3
DA:31,0
DA:34,3
DA:41,3
DA:42,1
DA:45,2
DA:47,2
DA:48,2
DA:57,1
DA:60,1
DA:63,8
LF:19
LH:18
BRDA:15,0,0,1
BRDA:15,0,1,8
BRDA:15,1,0,9
BRDA:15,1,1,8
BRDA:19,2,0,2
BRDA:19,2,1,6
BRDA:19,3,0,8
BRDA:19,3,1,7
BRDA:24,4,0,3
BRDA:24,4,1,3
BRDA:24,5,0,6
BRDA:24,5,1,4
BRDA:30,6,0,0
BRDA:30,6,1,3
BRDA:41,7,0,1
BRDA:41,7,1,2
BRDA:52,8,0,2
BRDA:52,8,1,0
BRF:18
BRH:16
end_of_record
TN:
SF:src\shared\email\providers\email.provider.ts
FNF:0
FNH:0
DA:4,1
LF:1
LH:1
BRF:0
BRH:0
end_of_record
TN:
SF:src\shared\email\services\email.service.ts
FN:7,(anonymous_0)
FNF:1
FNH:1
FNDA:2,(anonymous_0)
DA:8,2
DA:17,1
LF:2
LH:2
BRF:0
BRH:0
end_of_record
TN:
SF:src\shared\errors\httpErrors.ts
FN:4,(anonymous_0)
FN:12,(anonymous_1)
FN:19,(anonymous_2)
FN:26,(anonymous_3)
FNF:4
FNH:3
FNDA:14,(anonymous_0)
FNDA:12,(anonymous_1)
FNDA:2,(anonymous_2)
FNDA:0,(anonymous_3)
DA:5,14
DA:6,14
DA:13,12
DA:20,2
DA:27,0
LF:5
LH:4
BRDA:12,0,0,0
BRDA:19,1,0,0
BRF:2
BRH:0
end_of_record
TN:
SF:src\shared\helpers\isEmailValid.helper.ts
FN:1,isEmailValid
FNF:1
FNH:1
FNDA:7,isEmailValid
DA:2,7
LF:1
LH:1
BRF:0
BRH:0
end_of_record
TN:
SF:src\shared\helpers\isValidZipcode.helper.ts
FN:1,isValidZipcode
FNF:1
FNH:1
FNDA:6,isValidZipcode
DA:2,6
LF:1
LH:1
BRF:0
BRH:0
end_of_record
TN:
SF:src\shared\helpers\zipcodeFormatter.helper.ts
FN:1,formatZipcode
FNF:1
FNH:1
FNDA:8,formatZipcode
DA:2,8
DA:4,8
LF:2
LH:2
BRF:0
BRH:0
end_of_record
