TN:
SF:src\shared\email\providers\email.provider.ts
FNF:0
FNH:0
DA:4,1
LF:1
LH:1
BRF:0
BRH:0
end_of_record
TN:
SF:src\shared\email\services\email.service.ts
FN:8,(anonymous_0)
FNF:1
FNH:1
FNDA:2,(anonymous_0)
DA:9,2
DA:10,2
DA:17,1
DA:22,1
LF:4
LH:4
BRF:0
BRH:0
end_of_record
TN:
SF:src\shared\helpers\isEmailValid.helper.ts
FN:1,isEmailValid
FNF:1
FNH:1
FNDA:4,isEmailValid
DA:2,4
LF:1
LH:1
BRF:0
BRH:0
end_of_record
TN:
SF:src\shared\helpers\isValidZipcode.helper.ts
FN:1,isValidZipcode
FNF:1
FNH:1
FNDA:6,isValidZipcode
DA:2,6
LF:1
LH:1
BRF:0
BRH:0
end_of_record
TN:
SF:src\shared\helpers\zipcodeFormatter.helper.ts
FN:1,formatZipcode
FNF:1
FNH:1
FNDA:6,formatZipcode
DA:2,6
DA:4,6
LF:2
LH:2
BRF:0
BRH:0
end_of_record
